2018-04-12 17:52:20 Notice: Notice (8): Undefined variable: departmens in [/var/www/html/transport_app_ver2_1/app/Controller/UsersController.php, line 35]
Trace:
UsersController::index() - APP/Controller/UsersController.php, line 35
ReflectionMethod::invokeArgs() - [internal], line ??
Controller::invokeAction() - CORE/Cake/Controller/Controller.php, line 490
Dispatcher::_invoke() - CORE/Cake/Routing/Dispatcher.php, line 185
Dispatcher::dispatch() - CORE/Cake/Routing/Dispatcher.php, line 160
[main] - APP/webroot/index.php, line 108

2018-04-12 17:52:35 Notice: Notice (8): Undefined variable: departmens in [/var/www/html/transport_app_ver2_1/app/Controller/UsersController.php, line 35]
Trace:
UsersController::index() - APP/Controller/UsersController.php, line 35
ReflectionMethod::invokeArgs() - [internal], line ??
Controller::invokeAction() - CORE/Cake/Controller/Controller.php, line 490
Dispatcher::_invoke() - CORE/Cake/Routing/Dispatcher.php, line 185
Dispatcher::dispatch() - CORE/Cake/Routing/Dispatcher.php, line 160
[main] - APP/webroot/index.php, line 108

2018-04-12 17:52:51 Notice: Notice (8): Undefined variable: departmens in [/var/www/html/transport_app_ver2_1/app/Controller/UsersController.php, line 35]
Trace:
UsersController::index() - APP/Controller/UsersController.php, line 35
ReflectionMethod::invokeArgs() - [internal], line ??
Controller::invokeAction() - CORE/Cake/Controller/Controller.php, line 490
Dispatcher::_invoke() - CORE/Cake/Routing/Dispatcher.php, line 185
Dispatcher::dispatch() - CORE/Cake/Routing/Dispatcher.php, line 160
[main] - APP/webroot/index.php, line 108

2018-04-12 17:54:23 Notice: Notice (8): Undefined variable: departmens in [/var/www/html/transport_app_ver2_1/app/Controller/UsersController.php, line 35]
Trace:
UsersController::index() - APP/Controller/UsersController.php, line 35
ReflectionMethod::invokeArgs() - [internal], line ??
Controller::invokeAction() - CORE/Cake/Controller/Controller.php, line 490
Dispatcher::_invoke() - CORE/Cake/Routing/Dispatcher.php, line 185
Dispatcher::dispatch() - CORE/Cake/Routing/Dispatcher.php, line 160
[main] - APP/webroot/index.php, line 108

2018-04-12 17:54:48 Notice: Notice (8): Undefined variable: departmens in [/var/www/html/transport_app_ver2_1/app/Controller/UsersController.php, line 35]
Trace:
UsersController::index() - APP/Controller/UsersController.php, line 35
ReflectionMethod::invokeArgs() - [internal], line ??
Controller::invokeAction() - CORE/Cake/Controller/Controller.php, line 490
Dispatcher::_invoke() - CORE/Cake/Routing/Dispatcher.php, line 185
Dispatcher::dispatch() - CORE/Cake/Routing/Dispatcher.php, line 160
[main] - APP/webroot/index.php, line 108

